<?xml version="1.0" encoding="UTF-8"?>
<!-- Generated by org.testng.reporters.JUnitReportReporter -->
<testsuite skipped="0" hostname="LAPTOP-UE5HTK8K" name="sdet19_suite.Execute_Test_Cases" tests="1" failures="0" timestamp="2021-08-09T22:25:04 IST" time="21.177" errors="0">
  <testcase name="executeTestCases" time="21.177" classname="sdet19_suite.Execute_Test_Cases"/>
  <system-out/>
</testsuite> <!-- sdet19_suite.Execute_Test_Cases -->
